# JRE version: Java(TM) SE Runtime Environment (8.0_291-b10) (build 1.8.0_291-b10)
# Java VM: Java HotSpot(TM) 64-Bit Server VM (25.291-b10 mixed mode bsd-amd64 compressed oops)
Heap:
 PSYoungGen      total 74752K, used 74726K [0x000000079eb00000, 0x00000007a4500000, 0x00000007c0000000)
  eden space 63488K, 100% used [0x000000079eb00000,0x00000007a2900000,0x00000007a2900000)
  from space 11264K, 99% used [0x00000007a3600000,0x00000007a40f9938,0x00000007a4100000)
  to   space 13312K, 99% used [0x00000007a2900000,0x00000007a35ff948,0x00000007a3600000)
 ParOldGen       total 44032K, used 35871K [0x000000075c000000, 0x000000075eb00000, 0x000000079eb00000)
  object space 44032K, 81% used [0x000000075c000000,0x000000075e307c48,0x000000075eb00000)
 Metaspace       used 7030K, capacity 7096K, committed 7168K, reserved 1056768K
  class space    used 739K, capacity 744K, committed 768K, reserved 1048576K
GC Heap History (10 events):
Event: 3.476 GC heap after
Heap after GC invocations=3 (full 0):
 PSYoungGen      total 18944K, used 2547K [0x000000079eb00000, 0x00000007a1000000, 0x00000007c0000000)
  eden space 16384K, 0% used [0x000000079eb00000,0x000000079eb00000,0x000000079fb00000)
  from space 2560K, 99% used [0x000000079fb00000,0x000000079fd7cfa8,0x000000079fd80000)
  to   space 2560K, 0% used [0x00000007a0d80000,0x00000007a0d80000,0x00000007a1000000)
 ParOldGen       total 44032K, used 8875K [0x000000075c000000, 0x000000075eb00000, 0x000000079eb00000)
  object space 44032K, 20% used [0x000000075c000000,0x000000075c8aaf38,0x000000075eb00000)
 Metaspace       used 6949K, capacity 6968K, committed 7168K, reserved 1056768K
  class space    used 739K, capacity 744K, committed 768K, reserved 1048576K
}
Event: 7.331 GC heap before
{Heap before GC invocations=4 (full 0):
 PSYoungGen      total 18944K, used 18931K [0x000000079eb00000, 0x00000007a1000000, 0x00000007c0000000)
  eden space 16384K, 100% used [0x000000079eb00000,0x000000079fb00000,0x000000079fb00000)
  from space 2560K, 99% used [0x000000079fb00000,0x000000079fd7cfa8,0x000000079fd80000)
  to   space 2560K, 0% used [0x00000007a0d80000,0x00000007a0d80000,0x00000007a1000000)
 ParOldGen       total 44032K, used 8875K [0x000000075c000000, 0x000000075eb00000, 0x000000079eb00000)
  object space 44032K, 20% used [0x000000075c000000,0x000000075c8aaf38,0x000000075eb00000)
 Metaspace       used 7011K, capacity 7032K, committed 7168K, reserved 1056768K
  class space    used 739K, capacity 744K, committed 768K, reserved 1048576K
Event: 7.348 GC heap after
Heap after GC invocations=4 (full 0):
 PSYoungGen      total 35328K, used 2554K [0x000000079eb00000, 0x00000007a1000000, 0x00000007c0000000)
  eden space 32768K, 0% used [0x000000079eb00000,0x000000079eb00000,0x00000007a0b00000)
  from space 2560K, 99% used [0x00000007a0d80000,0x00000007a0ffe888,0x00000007a1000000)
  to   space 2560K, 0% used [0x00000007a0b00000,0x00000007a0b00000,0x00000007a0d80000)
 ParOldGen       total 44032K, used 12735K [0x000000075c000000, 0x000000075eb00000, 0x000000079eb00000)
  object space 44032K, 28% used [0x000000075c000000,0x000000075cc6ff60,0x000000075eb00000)
 Metaspace       used 7011K, capacity 7032K, committed 7168K, reserved 1056768K
  class space    used 739K, capacity 744K, committed 768K, reserved 1048576K
}
Event: 8.775 GC heap before
{Heap before GC invocations=5 (full 0):
 PSYoungGen      total 35328K, used 35322K [0x000000079eb00000, 0x00000007a1000000, 0x00000007c0000000)
  eden space 32768K, 100% used [0x000000079eb00000,0x00000007a0b00000,0x00000007a0b00000)
  from space 2560K, 99% used [0x00000007a0d80000,0x00000007a0ffe888,0x00000007a1000000)
  to   space 2560K, 0% used [0x00000007a0b00000,0x00000007a0b00000,0x00000007a0d80000)
 ParOldGen       total 44032K, used 12735K [0x000000075c000000, 0x000000075eb00000, 0x000000079eb00000)
  object space 44032K, 28% used [0x000000075c000000,0x000000075cc6ff60,0x000000075eb00000)
 Metaspace       used 7019K, capacity 7032K, committed 7168K, reserved 1056768K
  class space    used 739K, capacity 744K, committed 768K, reserved 1048576K
Event: 8.800 GC heap after
Heap after GC invocations=5 (full 0):
 PSYoungGen      total 35328K, used 2541K [0x000000079eb00000, 0x00000007a4100000, 0x00000007c0000000)
  eden space 32768K, 0% used [0x000000079eb00000,0x000000079eb00000,0x00000007a0b00000)
  from space 2560K, 99% used [0x00000007a0b00000,0x00000007a0d7b430,0x00000007a0d80000)
  to   space 11264K, 0% used [0x00000007a3600000,0x00000007a3600000,0x00000007a4100000)
 ParOldGen       total 44032K, used 21278K [0x000000075c000000, 0x000000075eb00000, 0x000000079eb00000)
  object space 44032K, 48% used [0x000000075c000000,0x000000075d4c7980,0x000000075eb00000)
 Metaspace       used 7019K, capacity 7032K, committed 7168K, reserved 1056768K
  class space    used 739K, capacity 744K, committed 768K, reserved 1048576K
}
Event: 10.347 GC heap before
{Heap before GC invocations=6 (full 0):
 PSYoungGen      total 35328K, used 35207K [0x000000079eb00000, 0x00000007a4100000, 0x00000007c0000000)
  eden space 32768K, 99% used [0x000000079eb00000,0x00000007a0ae68c8,0x00000007a0b00000)
  from space 2560K, 99% used [0x00000007a0b00000,0x00000007a0d7b430,0x00000007a0d80000)
  to   space 11264K, 0% used [0x00000007a3600000,0x00000007a3600000,0x00000007a4100000)
 ParOldGen       total 44032K, used 21278K [0x000000075c000000, 0x000000075eb00000, 0x000000079eb00000)
  object space 44032K, 48% used [0x000000075c000000,0x000000075d4c7980,0x000000075eb00000)
 Metaspace       used 7027K, capacity 7096K, committed 7168K, reserved 1056768K
  class space    used 739K, capacity 744K, committed 768K, reserved 1048576K
Event: 10.371 GC heap after
Heap after GC invocations=6 (full 0):
 PSYoungGen      total 74752K, used 11238K [0x000000079eb00000, 0x00000007a4500000, 0x00000007c0000000)
  eden space 63488K, 0% used [0x000000079eb00000,0x000000079eb00000,0x00000007a2900000)
  from space 11264K, 99% used [0x00000007a3600000,0x00000007a40f9938,0x00000007a4100000)
  to   space 13312K, 0% used [0x00000007a2900000,0x00000007a2900000,0x00000007a3600000)
 ParOldGen       total 44032K, used 21811K [0x000000075c000000, 0x000000075eb00000, 0x000000079eb00000)
  object space 44032K, 49% used [0x000000075c000000,0x000000075d54cd40,0x000000075eb00000)
 Metaspace       used 7027K, capacity 7096K, committed 7168K, reserved 1056768K
  class space    used 739K, capacity 744K, committed 768K, reserved 1048576K
}
Event: 11.647 GC heap before
{Heap before GC invocations=7 (full 0):
 PSYoungGen      total 74752K, used 74726K [0x000000079eb00000, 0x00000007a4500000, 0x00000007c0000000)
  eden space 63488K, 100% used [0x000000079eb00000,0x00000007a2900000,0x00000007a2900000)
  from space 11264K, 99% used [0x00000007a3600000,0x00000007a40f9938,0x00000007a4100000)
  to   space 13312K, 0% used [0x00000007a2900000,0x00000007a2900000,0x00000007a3600000)
 ParOldGen       total 44032K, used 21811K [0x000000075c000000, 0x000000075eb00000, 0x000000079eb00000)
  object space 44032K, 49% used [0x000000075c000000,0x000000075d54cd40,0x000000075eb00000)
 Metaspace       used 7030K, capacity 7096K, committed 7168K, reserved 1056768K
  class space    used 739K, capacity 744K, committed 768K, reserved 1048576K
Event: 11.724 GC heap after
Heap after GC invocations=7 (full 0):
 PSYoungGen      total 74752K, used 74726K [0x000000079eb00000, 0x00000007a4500000, 0x00000007c0000000)
  eden space 63488K, 100% used [0x000000079eb00000,0x00000007a2900000,0x00000007a2900000)
  from space 11264K, 99% used [0x00000007a3600000,0x00000007a40f9938,0x00000007a4100000)
  to   space 13312K, 99% used [0x00000007a2900000,0x00000007a35ff948,0x00000007a3600000)
 ParOldGen       total 44032K, used 35871K [0x000000075c000000, 0x000000075eb00000, 0x000000079eb00000)
  object space 44032K, 81% used [0x000000075c000000,0x000000075e307c48,0x000000075eb00000)
 Metaspace       used 7030K, capacity 7096K, committed 7168K, reserved 1056768K
  class space    used 739K, capacity 744K, committed 768K, reserved 1048576K
}
Event: 11.724 GC heap before
{Heap before GC invocations=8 (full 1):
 PSYoungGen      total 74752K, used 74726K [0x000000079eb00000, 0x00000007a4500000, 0x00000007c0000000)
  eden space 63488K, 100% used [0x000000079eb00000,0x00000007a2900000,0x00000007a2900000)
  from space 11264K, 99% used [0x00000007a3600000,0x00000007a40f9938,0x00000007a4100000)
  to   space 13312K, 99% used [0x00000007a2900000,0x00000007a35ff948,0x00000007a3600000)
 ParOldGen       total 44032K, used 35871K [0x000000075c000000, 0x000000075eb00000, 0x000000079eb00000)
  object space 44032K, 81% used [0x000000075c000000,0x000000075e307c48,0x000000075eb00000)
 Metaspace       used 7030K, capacity 7096K, committed 7168K, reserved 1056768K
  class space    used 739K, capacity 744K, committed 768K, reserved 1048576K

