# JRE version: Java(TM) SE Runtime Environment (8.0_291-b10) (build 1.8.0_291-b10)
# Java VM: Java HotSpot(TM) 64-Bit Server VM (25.291-b10 mixed mode bsd-amd64 compressed oops)
Heap:
 PSYoungGen      total 108544K, used 68163K [0x000000079eb00000, 0x00000007a9700000, 0x00000007c0000000)
  eden space 83968K, 51% used [0x000000079eb00000,0x00000007a1597730,0x00000007a3d00000)
  from space 24576K, 99% used [0x00000007a7f00000,0x00000007a96f9588,0x00000007a9700000)
  to   space 29696K, 0% used [0x00000007a5d00000,0x00000007a5d00000,0x00000007a7a00000)
 ParOldGen       total 87040K, used 46660K [0x000000075c000000, 0x0000000761500000, 0x000000079eb00000)
  object space 87040K, 53% used [0x000000075c000000,0x000000075ed913d8,0x0000000761500000)
 Metaspace       used 10349K, capacity 10392K, committed 10624K, reserved 1058816K
  class space    used 1031K, capacity 1032K, committed 1152K, reserved 1048576K
GC Heap History (10 events):
Event: 4.471 GC heap before
{Heap before GC invocations=5 (full 0):
 PSYoungGen      total 35328K, used 35320K [0x000000079eb00000, 0x00000007a1000000, 0x00000007c0000000)
  eden space 32768K, 100% used [0x000000079eb00000,0x00000007a0b00000,0x00000007a0b00000)
  from space 2560K, 99% used [0x00000007a0d80000,0x00000007a0ffe2f8,0x00000007a1000000)
  to   space 2560K, 0% used [0x00000007a0b00000,0x00000007a0b00000,0x00000007a0d80000)
 ParOldGen       total 44032K, used 14746K [0x000000075c000000, 0x000000075eb00000, 0x000000079eb00000)
  object space 44032K, 33% used [0x000000075c000000,0x000000075ce66b20,0x000000075eb00000)
 Metaspace       used 7014K, capacity 7032K, committed 7168K, reserved 1056768K
  class space    used 740K, capacity 744K, committed 768K, reserved 1048576K
Event: 4.506 GC heap after
Heap after GC invocations=5 (full 0):
 PSYoungGen      total 35328K, used 2559K [0x000000079eb00000, 0x00000007a4100000, 0x00000007c0000000)
  eden space 32768K, 0% used [0x000000079eb00000,0x000000079eb00000,0x00000007a0b00000)
  from space 2560K, 99% used [0x00000007a0b00000,0x00000007a0d7fc48,0x00000007a0d80000)
  to   space 11264K, 0% used [0x00000007a3600000,0x00000007a3600000,0x00000007a4100000)
 ParOldGen       total 44032K, used 23655K [0x000000075c000000, 0x000000075eb00000, 0x000000079eb00000)
  object space 44032K, 53% used [0x000000075c000000,0x000000075d719eb0,0x000000075eb00000)
 Metaspace       used 7014K, capacity 7032K, committed 7168K, reserved 1056768K
  class space    used 740K, capacity 744K, committed 768K, reserved 1048576K
}
Event: 6.418 GC heap before
{Heap before GC invocations=6 (full 0):
 PSYoungGen      total 35328K, used 35327K [0x000000079eb00000, 0x00000007a4100000, 0x00000007c0000000)
  eden space 32768K, 100% used [0x000000079eb00000,0x00000007a0b00000,0x00000007a0b00000)
  from space 2560K, 99% used [0x00000007a0b00000,0x00000007a0d7fc48,0x00000007a0d80000)
  to   space 11264K, 0% used [0x00000007a3600000,0x00000007a3600000,0x00000007a4100000)
 ParOldGen       total 44032K, used 23655K [0x000000075c000000, 0x000000075eb00000, 0x000000079eb00000)
  object space 44032K, 53% used [0x000000075c000000,0x000000075d719eb0,0x000000075eb00000)
 Metaspace       used 7026K, capacity 7032K, committed 7168K, reserved 1056768K
  class space    used 740K, capacity 744K, committed 768K, reserved 1048576K
Event: 6.453 GC heap after
Heap after GC invocations=6 (full 0):
 PSYoungGen      total 74752K, used 11261K [0x000000079eb00000, 0x00000007a4500000, 0x00000007c0000000)
  eden space 63488K, 0% used [0x000000079eb00000,0x000000079eb00000,0x00000007a2900000)
  from space 11264K, 99% used [0x00000007a3600000,0x00000007a40ff748,0x00000007a4100000)
  to   space 13312K, 0% used [0x00000007a2900000,0x00000007a2900000,0x00000007a3600000)
 ParOldGen       total 44032K, used 23911K [0x000000075c000000, 0x000000075eb00000, 0x000000079eb00000)
  object space 44032K, 54% used [0x000000075c000000,0x000000075d759eb0,0x000000075eb00000)
 Metaspace       used 7026K, capacity 7032K, committed 7168K, reserved 1056768K
  class space    used 740K, capacity 744K, committed 768K, reserved 1048576K
}
Event: 11.155 GC heap before
{Heap before GC invocations=7 (full 0):
 PSYoungGen      total 74752K, used 74749K [0x000000079eb00000, 0x00000007a4500000, 0x00000007c0000000)
  eden space 63488K, 100% used [0x000000079eb00000,0x00000007a2900000,0x00000007a2900000)
  from space 11264K, 99% used [0x00000007a3600000,0x00000007a40ff748,0x00000007a4100000)
  to   space 13312K, 0% used [0x00000007a2900000,0x00000007a2900000,0x00000007a3600000)
 ParOldGen       total 44032K, used 23911K [0x000000075c000000, 0x000000075eb00000, 0x000000079eb00000)
  object space 44032K, 54% used [0x000000075c000000,0x000000075d759eb0,0x000000075eb00000)
 Metaspace       used 7947K, capacity 8024K, committed 8320K, reserved 1056768K
  class space    used 825K, capacity 840K, committed 896K, reserved 1048576K
Event: 11.382 GC heap after
Heap after GC invocations=7 (full 0):
 PSYoungGen      total 76800K, used 13300K [0x000000079eb00000, 0x00000007a9700000, 0x00000007c0000000)
  eden space 63488K, 0% used [0x000000079eb00000,0x000000079eb00000,0x00000007a2900000)
  from space 13312K, 99% used [0x00000007a2900000,0x00000007a35fd318,0x00000007a3600000)
  to   space 24576K, 0% used [0x00000007a7f00000,0x00000007a7f00000,0x00000007a9700000)
 ParOldGen       total 44032K, used 42452K [0x000000075c000000, 0x000000075eb00000, 0x000000079eb00000)
  object space 44032K, 96% used [0x000000075c000000,0x000000075e975270,0x000000075eb00000)
 Metaspace       used 7947K, capacity 8024K, committed 8320K, reserved 1056768K
  class space    used 825K, capacity 840K, committed 896K, reserved 1048576K
}
Event: 11.382 GC heap before
{Heap before GC invocations=8 (full 1):
 PSYoungGen      total 76800K, used 13300K [0x000000079eb00000, 0x00000007a9700000, 0x00000007c0000000)
  eden space 63488K, 0% used [0x000000079eb00000,0x000000079eb00000,0x00000007a2900000)
  from space 13312K, 99% used [0x00000007a2900000,0x00000007a35fd318,0x00000007a3600000)
  to   space 24576K, 0% used [0x00000007a7f00000,0x00000007a7f00000,0x00000007a9700000)
 ParOldGen       total 44032K, used 42452K [0x000000075c000000, 0x000000075eb00000, 0x000000079eb00000)
  object space 44032K, 96% used [0x000000075c000000,0x000000075e975270,0x000000075eb00000)
 Metaspace       used 7947K, capacity 8024K, committed 8320K, reserved 1056768K
  class space    used 825K, capacity 840K, committed 896K, reserved 1048576K
Event: 12.145 GC heap after
Heap after GC invocations=8 (full 1):
 PSYoungGen      total 76800K, used 10994K [0x000000079eb00000, 0x00000007a9700000, 0x00000007c0000000)
  eden space 63488K, 0% used [0x000000079eb00000,0x000000079eb00000,0x00000007a2900000)
  from space 13312K, 82% used [0x00000007a2900000,0x00000007a33bcaa8,0x00000007a3600000)
  to   space 24576K, 0% used [0x00000007a7f00000,0x00000007a7f00000,0x00000007a9700000)
 ParOldGen       total 87040K, used 43679K [0x000000075c000000, 0x0000000761500000, 0x000000079eb00000)
  object space 87040K, 50% used [0x000000075c000000,0x000000075eaa7f08,0x0000000761500000)
 Metaspace       used 7947K, capacity 8024K, committed 8320K, reserved 1056768K
  class space    used 825K, capacity 840K, committed 896K, reserved 1048576K
}
Event: 15.591 GC heap before
{Heap before GC invocations=9 (full 1):
 PSYoungGen      total 76800K, used 74482K [0x000000079eb00000, 0x00000007a9700000, 0x00000007c0000000)
  eden space 63488K, 100% used [0x000000079eb00000,0x00000007a2900000,0x00000007a2900000)
  from space 13312K, 82% used [0x00000007a2900000,0x00000007a33bcaa8,0x00000007a3600000)
  to   space 24576K, 0% used [0x00000007a7f00000,0x00000007a7f00000,0x00000007a9700000)
 ParOldGen       total 87040K, used 43679K [0x000000075c000000, 0x0000000761500000, 0x000000079eb00000)
  object space 87040K, 50% used [0x000000075c000000,0x000000075eaa7f08,0x0000000761500000)
 Metaspace       used 8498K, capacity 8568K, committed 8832K, reserved 1056768K
  class space    used 859K, capacity 872K, committed 896K, reserved 1048576K
Event: 15.679 GC heap after
Heap after GC invocations=9 (full 1):
 PSYoungGen      total 108544K, used 24549K [0x000000079eb00000, 0x00000007a9700000, 0x00000007c0000000)
  eden space 83968K, 0% used [0x000000079eb00000,0x000000079eb00000,0x00000007a3d00000)
  from space 24576K, 99% used [0x00000007a7f00000,0x00000007a96f9588,0x00000007a9700000)
  to   space 29696K, 0% used [0x00000007a5d00000,0x00000007a5d00000,0x00000007a7a00000)
 ParOldGen       total 87040K, used 46660K [0x000000075c000000, 0x0000000761500000, 0x000000079eb00000)
  object space 87040K, 53% used [0x000000075c000000,0x000000075ed913d8,0x0000000761500000)
 Metaspace       used 8498K, capacity 8568K, committed 8832K, reserved 1056768K
  class space    used 859K, capacity 872K, committed 896K, reserved 1048576K
}

